<?xml version="1.0" encoding="UTF-8"?>
<!-- Generated by org.testng.reporters.JUnitReportReporter -->
<testsuite hostname="Dell" failures="0" tests="1" name="pagescrolldownandup.ScrollDownandUp" time="4.740" errors="0" timestamp="2025-08-20T07:51:51 IST" skipped="0">
  <testcase classname="pagescrolldownandup.ScrollDownandUp" name="IndentifyLoacatorElement" time="4.740"/>
</testsuite> <!-- pagescrolldownandup.ScrollDownandUp -->
