<?xml version="1.0" encoding="UTF-8"?>
<!-- Generated by org.testng.reporters.JUnitReportReporter -->
<testsuite hostname="Dell" failures="0" tests="6" name="testNG.J_TestNG_TCs_Run_Groups" time="148.294" errors="0" timestamp="2025-07-18T16:22:04 IST" skipped="0">
  <testcase classname="testNG.J_TestNG_TCs_Run_Groups" name="twitter" time="6.638"/>
  <testcase classname="testNG.J_TestNG_TCs_Run_Groups" name="mantisbt" time="61.801"/>
  <testcase classname="testNG.J_TestNG_TCs_Run_Groups" name="bugzilla" time="5.479"/>
  <testcase classname="testNG.J_TestNG_TCs_Run_Groups" name="facebook" time="1.170"/>
  <testcase classname="testNG.J_TestNG_TCs_Run_Groups" name="jira" time="26.157"/>
  <testcase classname="testNG.J_TestNG_TCs_Run_Groups" name="redmine" time="47.049"/>
</testsuite> <!-- testNG.J_TestNG_TCs_Run_Groups -->
