<?xml version="1.0" encoding="UTF-8"?>
<!-- Generated by org.testng.reporters.JUnitReportReporter -->
<testsuite hostname="Dell" failures="0" tests="1" name="testNG.A_TestNG_Execution_Order" time="0.017" errors="0" timestamp="2025-07-18T15:49:30 IST" skipped="0">
  <testcase classname="testNG.A_TestNG_Execution_Order" name="f" time="0.017"/>
</testsuite> <!-- testNG.A_TestNG_Execution_Order -->
