<?xml version="1.0" encoding="UTF-8"?>
<!-- Generated by org.testng.reporters.JUnitReportReporter -->
<testsuite hostname="Dell" failures="0" tests="1" name="screenshots.ErrorPageScreenshot" time="14.082" errors="0" timestamp="2025-08-05T17:10:35 IST" skipped="0">
  <testcase classname="screenshots.ErrorPageScreenshot" name="techlearnlogin" time="14.082"/>
</testsuite> <!-- screenshots.ErrorPageScreenshot -->
