<?xml version="1.0" encoding="UTF-8"?>
<!-- Generated by org.testng.reporters.JUnitReportReporter -->
<testsuite hostname="Dell" failures="0" tests="1" name="pagescrolldownandup.ScrollDownandUp" time="12.347" errors="0" timestamp="2025-08-04T07:07:28 IST" skipped="0">
  <testcase classname="pagescrolldownandup.ScrollDownandUp" name="pagescrolldown" time="12.347"/>
</testsuite> <!-- pagescrolldownandup.ScrollDownandUp -->
