<?xml version="1.0" encoding="UTF-8"?>
<!-- Generated by org.testng.reporters.JUnitReportReporter -->
<testsuite hostname="Dell" failures="0" tests="1" name="screenshots.TimeFormatScreenShot" time="24.395" errors="0" timestamp="2025-08-05T13:10:54 IST" skipped="0">
  <testcase classname="screenshots.TimeFormatScreenShot" name="techlearn" time="24.395"/>
</testsuite> <!-- screenshots.TimeFormatScreenShot -->
