<?xml version="1.0" encoding="UTF-8"?>
<!-- Generated by org.testng.reporters.JUnitReportReporter -->
<testsuite hostname="Dell" failures="0" tests="2" name="testNG.F_TestCases_Depends_On_Methods" time="13.232" errors="0" timestamp="2025-07-16T19:20:15 IST" skipped="0">
  <testcase classname="testNG.F_TestCases_Depends_On_Methods" name="method2" time="8.674"/>
  <testcase classname="testNG.F_TestCases_Depends_On_Methods" name="method1" time="4.558"/>
</testsuite> <!-- testNG.F_TestCases_Depends_On_Methods -->
