<?xml version="1.0" encoding="UTF-8"?>
<!-- Generated by org.testng.reporters.JUnitReportReporter -->
<testsuite hostname="Dell" failures="0" tests="4" name="tabtittleandurlassertion.VerifytabtittleApplicationURL" time="11.983" errors="0" timestamp="2025-07-27T14:21:24 IST" skipped="0">
  <testcase classname="tabtittleandurlassertion.VerifytabtittleApplicationURL" name="verifyTabURL" time="2.019"/>
  <testcase classname="tabtittleandurlassertion.VerifytabtittleApplicationURL" name="verifyTabText" time="6.838"/>
  <testcase classname="tabtittleandurlassertion.VerifytabtittleApplicationURL" name="verifypageText1" time="1.542"/>
  <testcase classname="tabtittleandurlassertion.VerifytabtittleApplicationURL" name="verifypageText" time="1.584"/>
</testsuite> <!-- tabtittleandurlassertion.VerifytabtittleApplicationURL -->
