<?xml version="1.0" encoding="UTF-8"?>
<!-- Generated by org.testng.reporters.JUnitReportReporter -->
<testsuite hostname="Dell" failures="0" tests="1" name="clearmethod.ClearMethod1" time="23.418" errors="0" timestamp="2025-08-12T13:27:42 IST" skipped="0">
  <testcase classname="clearmethod.ClearMethod1" name="clearMethod" time="23.418"/>
</testsuite> <!-- clearmethod.ClearMethod1 -->
