<?xml version="1.0" encoding="UTF-8"?>
<!-- Generated by org.testng.reporters.JUnitReportReporter -->
<testsuite hostname="Dell" failures="0" tests="1" name="headless.WithOutBrowser" time="8.357" errors="0" timestamp="2025-08-05T14:39:42 IST" skipped="0">
  <testcase classname="headless.WithOutBrowser" name="withoutbrowser" time="8.357"/>
</testsuite> <!-- headless.WithOutBrowser -->
