<?xml version="1.0" encoding="UTF-8"?>
<!-- Generated by org.testng.reporters.JUnitReportReporter -->
<testsuite hostname="Dell" failures="0" tests="1" name="newtabnewwindowhandle.NewTabAndNewWindowHandle" time="36.823" errors="0" timestamp="2025-07-29T14:33:16 IST" skipped="0">
  <testcase classname="newtabnewwindowhandle.NewTabAndNewWindowHandle" name="teachLearntoWindow" time="36.823"/>
</testsuite> <!-- newtabnewwindowhandle.NewTabAndNewWindowHandle -->
