<?xml version="1.0" encoding="UTF-8"?>
<!-- Generated by org.testng.reporters.JUnitReportReporter -->
<testsuite hostname="Dell" failures="0" tests="1" name="isdisplayisenabledisselected.VerifingIsDisplayIsEnabledIsSelected" time="16.081" errors="0" timestamp="2025-07-28T16:17:44 IST" skipped="0">
  <testcase classname="isdisplayisenabledisselected.VerifingIsDisplayIsEnabledIsSelected" name="isSelected" time="16.081"/>
</testsuite> <!-- isdisplayisenabledisselected.VerifingIsDisplayIsEnabledIsSelected -->
