<?xml version="1.0" encoding="UTF-8"?>
<!-- Generated by org.testng.reporters.JUnitReportReporter -->
<testsuite hostname="Dell" failures="0" tests="1" name="iframeshandles.IframesHandles" time="55.034" errors="0" timestamp="2025-07-24T15:58:01 IST" skipped="0">
  <testcase classname="iframeshandles.IframesHandles" name="frames" time="55.034"/>
</testsuite> <!-- iframeshandles.IframesHandles -->
