<?xml version="1.0" encoding="UTF-8"?>
<!-- Generated by org.testng.reporters.JUnitReportReporter -->
<testsuite hostname="Dell" failures="0" tests="1" name="dropdown.DropdownOptions" time="10.415" errors="0" timestamp="2025-07-22T17:59:17 IST" skipped="0">
  <testcase classname="dropdown.DropdownOptions" name="dropdownvalues" time="10.415"/>
</testsuite> <!-- dropdown.DropdownOptions -->
