<?xml version="1.0" encoding="UTF-8"?>
<!-- Generated by org.testng.reporters.JUnitReportReporter -->
<testsuite hostname="Dell" failures="0" tests="5" name="actionsclass.Actionsclassmethods" time="99.805" errors="0" timestamp="2025-07-24T17:17:12 IST" skipped="0">
  <testcase classname="actionsclass.Actionsclassmethods" name="keyboardFunctions" time="19.229"/>
  <testcase classname="actionsclass.Actionsclassmethods" name="keyboardFunctions" time="19.149"/>
  <testcase classname="actionsclass.Actionsclassmethods" name="keyboardFunctions" time="22.558"/>
  <testcase classname="actionsclass.Actionsclassmethods" name="keyboardFunctions" time="19.483"/>
  <testcase classname="actionsclass.Actionsclassmethods" name="keyboardFunctions" time="19.386"/>
</testsuite> <!-- actionsclass.Actionsclassmethods -->
