<?xml version="1.0" encoding="UTF-8"?>
<!-- Generated by org.testng.reporters.JUnitReportReporter -->
<testsuite hostname="Dell" failures="0" tests="6" name="testNG.C_TestCases_Priority_Order" time="18.779" errors="0" timestamp="2025-07-18T15:49:30 IST" skipped="0">
  <testcase classname="testNG.C_TestCases_Priority_Order" name="twitter" time="7.699"/>
  <testcase classname="testNG.C_TestCases_Priority_Order" name="google" time="1.874"/>
  <testcase classname="testNG.C_TestCases_Priority_Order" name="swiggy" time="3.867"/>
  <testcase classname="testNG.C_TestCases_Priority_Order" name="zomato" time="2.761"/>
  <testcase classname="testNG.C_TestCases_Priority_Order" name="selenium" time="1.098"/>
  <testcase classname="testNG.C_TestCases_Priority_Order" name="facebook" time="1.480"/>
</testsuite> <!-- testNG.C_TestCases_Priority_Order -->
