<?xml version="1.0" encoding="UTF-8"?>
<!-- Generated by org.testng.reporters.JUnitReportReporter -->
<testsuite hostname="Dell" failures="0" tests="2" name="testNG.G_TestTimeOut_Feature" time="8.788" errors="0" timestamp="2025-07-16T19:29:55 IST" skipped="0">
  <testcase classname="testNG.G_TestTimeOut_Feature" name="method2" time="2.128"/>
  <testcase classname="testNG.G_TestTimeOut_Feature" name="method1" time="6.660"/>
</testsuite> <!-- testNG.G_TestTimeOut_Feature -->
