<?xml version="1.0" encoding="UTF-8"?>
<!-- Generated by org.testng.reporters.JUnitReportReporter -->
<testsuite hostname="Dell" failures="0" tests="6" name="testNG.B_BeforeTest" time="20.416" errors="0" timestamp="2025-07-18T15:49:30 IST" skipped="0">
  <testcase classname="testNG.B_BeforeTest" name="zomato" time="2.924"/>
  <testcase classname="testNG.B_BeforeTest" name="google" time="1.400"/>
  <testcase classname="testNG.B_BeforeTest" name="swiggy" time="4.282"/>
  <testcase classname="testNG.B_BeforeTest" name="facebook" time="2.378"/>
  <testcase classname="testNG.B_BeforeTest" name="selenium" time="1.001"/>
  <testcase classname="testNG.B_BeforeTest" name="twitter" time="8.431"/>
</testsuite> <!-- testNG.B_BeforeTest -->
