<?xml version="1.0" encoding="UTF-8"?>
<!-- Generated by org.testng.reporters.JUnitReportReporter -->
<testsuite hostname="Dell" failures="0" tests="3" name="testNG.I_TestNG_TCs_Run_TestNG_XML_File" time="64.616" errors="0" timestamp="2025-07-17T20:21:26 IST" skipped="0">
  <testcase classname="testNG.I_TestNG_TCs_Run_TestNG_XML_File" name="google" time="8.073"/>
  <testcase classname="testNG.I_TestNG_TCs_Run_TestNG_XML_File" name="seleniumlearn" time="48.589"/>
  <testcase classname="testNG.I_TestNG_TCs_Run_TestNG_XML_File" name="zomato" time="7.954"/>
</testsuite> <!-- testNG.I_TestNG_TCs_Run_TestNG_XML_File -->
