<?xml version="1.0" encoding="UTF-8"?>
<!-- Generated by org.testng.reporters.JUnitReportReporter -->
<testsuite hostname="Dell" failures="0" tests="1" name="uploadfileusingselenuim.UploadFileUsingSelenium" time="21.376" errors="0" timestamp="2025-08-06T12:16:57 IST" skipped="0">
  <testcase classname="uploadfileusingselenuim.UploadFileUsingSelenium" name="attachfile" time="21.376"/>
</testsuite> <!-- uploadfileusingselenuim.UploadFileUsingSelenium -->
