<?xml version="1.0" encoding="UTF-8"?>
<!-- Generated by org.testng.reporters.JUnitReportReporter -->
<testsuite hostname="Dell" failures="0" tests="6" name="testNG.H_InvocationCount_Feature" time="37.607" errors="0" timestamp="2025-07-17T19:24:45 IST" skipped="0">
  <testcase classname="testNG.H_InvocationCount_Feature" name="method2" time="5.799"/>
  <testcase classname="testNG.H_InvocationCount_Feature" name="method1" time="17.817"/>
  <testcase classname="testNG.H_InvocationCount_Feature" name="method2" time="3.930"/>
  <testcase classname="testNG.H_InvocationCount_Feature" name="method2" time="2.666"/>
  <testcase classname="testNG.H_InvocationCount_Feature" name="method2" time="3.346"/>
  <testcase classname="testNG.H_InvocationCount_Feature" name="method2" time="4.049"/>
</testsuite> <!-- testNG.H_InvocationCount_Feature -->
