<?xml version="1.0" encoding="UTF-8"?>
<!-- Generated by org.testng.reporters.JUnitReportReporter -->
<testsuite hostname="Dell" failures="0" tests="1" name="alertwindowhandles.PopupAlerts" time="14.582" errors="0" timestamp="2025-07-18T17:11:06 IST" skipped="0">
  <testcase classname="alertwindowhandles.PopupAlerts" name="alerttextalertokorcancelbuttonpress" time="14.582"/>
</testsuite> <!-- alertwindowhandles.PopupAlerts -->
