<?xml version="1.0" encoding="UTF-8"?>
<!-- Generated by org.testng.reporters.JUnitReportReporter -->
<testsuite hostname="Dell" failures="0" tests="6" name="testNG.D_TestCases_Skip_Disabled_Ignore" time="28.632" errors="0" timestamp="2025-07-16T19:00:41 IST" skipped="3">
  <testcase classname="testNG.D_TestCases_Skip_Disabled_Ignore" name="twitter" time="22.886"/>
  <testcase classname="testNG.D_TestCases_Skip_Disabled_Ignore" name="swiggy" time="4.716"/>
  <testcase classname="testNG.D_TestCases_Skip_Disabled_Ignore" name="selenium" time="1.030"/>
  <testcase classname="testNG.D_TestCases_Skip_Disabled_Ignore" name="zomato">
    <skipped/>
  </testcase> <!-- zomato -->
  <testcase classname="testNG.D_TestCases_Skip_Disabled_Ignore" name="google">
    <skipped/>
  </testcase> <!-- google -->
  <testcase classname="testNG.D_TestCases_Skip_Disabled_Ignore" name="facebook">
    <skipped/>
  </testcase> <!-- facebook -->
</testsuite> <!-- testNG.D_TestCases_Skip_Disabled_Ignore -->
